Using pre-set license
Built from '2020.3/staging' branch; Version is '2020.3.13f1 (71691879b7f5) revision 7432472'; Using compiler version '192528614'; Build Type 'Release'
OS: 'Windows 10 Pro; OS build 19043.1165; Version 2009; 64bit' Language: 'tr' Physical Memory: 7549 MB
BatchMode: 1, IsHumanControllingUs: 0, StartBugReporterOnCrash: 0, Is64bit: 1, IsPro: 0

 COMMAND LINE ARGUMENTS:
C:\Program Files\Unity\Hub\Editor\2020.3.13f1\Editor\Unity.exe
-adb2
-batchMode
-noUpm
-name
AssetImportWorker0
-projectPath
C:/Users/hikme/Documents/GitHub/Prototype-1/Prototype - 1
-logFile
Logs/AssetImportWorker0.log
-srvPort
62062
Successfully changed project path to: C:/Users/hikme/Documents/GitHub/Prototype-1/Prototype - 1
C:/Users/hikme/Documents/GitHub/Prototype-1/Prototype - 1
Using Asset Import Pipeline V2.
Refreshing native plugins compatible for Editor in 29.20 ms, found 2 plugins.
Preloading 0 native plugins for Editor in 0.00 ms.
Initialize engine version: 2020.3.13f1 (71691879b7f5)
[Subsystems] Discovering subsystems at path C:/Program Files/Unity/Hub/Editor/2020.3.13f1/Editor/Data/Resources/UnitySubsystems
[Subsystems] Discovering subsystems at path C:/Users/hikme/Documents/GitHub/Prototype-1/Prototype - 1/Assets
GfxDevice: creating device client; threaded=0
Direct3D:
    Version:  Direct3D 11.0 [level 11.1]
    Renderer: NVIDIA GeForce GTX 1650 Ti (ID=0x1f95)
    Vendor:   
    VRAM:     3962 MB
    Driver:   30.0.14.7168
Initialize mono
Mono path[0] = 'C:/Program Files/Unity/Hub/Editor/2020.3.13f1/Editor/Data/Managed'
Mono path[1] = 'C:/Program Files/Unity/Hub/Editor/2020.3.13f1/Editor/Data/MonoBleedingEdge/lib/mono/unityjit'
Mono config path = 'C:/Program Files/Unity/Hub/Editor/2020.3.13f1/Editor/Data/MonoBleedingEdge/etc'
Using monoOptions --debugger-agent=transport=dt_socket,embedding=1,server=y,suspend=n,address=127.0.0.1:56684
Begin MonoManager ReloadAssembly
Registering precompiled unity dll's ...
Register platform support module: C:/Program Files/Unity/Hub/Editor/2020.3.13f1/Editor/Data/PlaybackEngines/WebGLSupport/UnityEditor.WebGL.Extensions.dll
Register platform support module: C:/Program Files/Unity/Hub/Editor/2020.3.13f1/Editor/Data/PlaybackEngines/WindowsStandaloneSupport/UnityEditor.WindowsStandalone.Extensions.dll
Registered in 0.002242 seconds.
Native extension for WindowsStandalone target not found
Native extension for WebGL target not found
Refreshing native plugins compatible for Editor in 26.98 ms, found 2 plugins.
Preloading 0 native plugins for Editor in 0.00 ms.
Mono: successfully reloaded assembly
- Completed reload, in  1.071 seconds
Platform modules already initialized, skipping
Registering precompiled user dll's ...
Registered in 0.003518 seconds.
Begin MonoManager ReloadAssembly
Native extension for WindowsStandalone target not found
Native extension for WebGL target not found
Refreshing native plugins compatible for Editor in 0.33 ms, found 2 plugins.
Preloading 0 native plugins for Editor in 0.00 ms.
Mono: successfully reloaded assembly
- Completed reload, in  0.944 seconds
Platform modules already initialized, skipping
========================================================================
Worker process is ready to serve import requests
Launched and connected shader compiler UnityShaderCompiler.exe after 0.05 seconds
Refreshing native plugins compatible for Editor in 0.33 ms, found 2 plugins.
Preloading 0 native plugins for Editor in 0.00 ms.
Unloading 1395 Unused Serialized files (Serialized files now loaded: 0)
System memory in use before: 64.7 MB.
System memory in use after: 64.8 MB.

Unloading 18 unused Assets to reduce memory usage. Loaded Objects now: 1829.
Total: 2.347400 ms (FindLiveObjects: 0.224200 ms CreateObjectMapping: 0.065300 ms MarkObjects: 1.987700 ms  DeleteObjects: 0.068100 ms)

AssetImportParameters requested are different than current active one (requested -> active):
  custom:framework-win-MediaFoundation: 216162199b28c13a410421893ffa2e32 -> 
  custom:video-decoder-ogg-theora: a1e56fd34408186e4bbccfd4996cb3dc -> 
  custom:container-muxer-webm: aa71ff27fc2769a1b78a27578f13a17b -> 
  custom:container-demuxer-webm: 4f35f7cbe854078d1ac9338744f61a02 -> 
  custom:container-demuxer-ogg: 62fdf1f143b41e24485cea50d1cbac27 -> 
  custom:video-encoder-webm-vp8: eb34c28f22e8b96e1ab97ce403110664 -> 
  custom:video-decoder-webm-vp8: 9c59270c3fd7afecdb556c50c9e8de78 -> 
  custom:audio-decoder-ogg-vorbis: bf7c407c2cedff20999df2af8eb42d56 -> 
  custom:audio-encoder-webm-vorbis: bf7c407c2cedff20999df2af8eb42d56 -> 
========================================================================
Received Import Request.
  path: Assets/PlayerControl
  artifactKey: Guid(08fa4ac629c083d408474518fc270ea1) Importer(815301076,1909f56bfc062723c751e8b465ee728b)
Start importing Assets/PlayerControl using Guid(08fa4ac629c083d408474518fc270ea1) Importer(815301076,1909f56bfc062723c751e8b465ee728b)  -> (artifact id: '0613bd7247a99b5465f0d112855ed24e') in 0.010457 seconds 
  Import took 0.012907 seconds .

========================================================================
Received Import Request.
  Time since last request: 0.000289 seconds.
  path: Assets/PlayerControl/Scripts/PlayerController.cs
  artifactKey: Guid(a3c9cc4da0efee34bbd9b734dc056274) Importer(815301076,1909f56bfc062723c751e8b465ee728b)
Start importing Assets/PlayerControl/Scripts/PlayerController.cs using Guid(a3c9cc4da0efee34bbd9b734dc056274) Importer(815301076,1909f56bfc062723c751e8b465ee728b)  -> (artifact id: '7bb4508c7520caa1f0ac2e33ef25dbe5') in 0.030565 seconds 
  Import took 0.032907 seconds .

========================================================================
Received Import Request.
  Time since last request: 0.000296 seconds.
  path: Assets/PlayerControl/Scripts
  artifactKey: Guid(a3b68423ec465df4590f5ddf7550728f) Importer(815301076,1909f56bfc062723c751e8b465ee728b)
Start importing Assets/PlayerControl/Scripts using Guid(a3b68423ec465df4590f5ddf7550728f) Importer(815301076,1909f56bfc062723c751e8b465ee728b)  -> (artifact id: '64e8ef269c3cf4ecaea459f34eb83141') in 0.006606 seconds 
  Import took 0.008829 seconds .

========================================================================
Received Import Request.
  Time since last request: 88.551772 seconds.
  path: Assets/PlayerControl/Scripts/PlayerController.cs
  artifactKey: Guid(a3c9cc4da0efee34bbd9b734dc056274) Importer(815301076,1909f56bfc062723c751e8b465ee728b)
Start importing Assets/PlayerControl/Scripts/PlayerController.cs using Guid(a3c9cc4da0efee34bbd9b734dc056274) Importer(815301076,1909f56bfc062723c751e8b465ee728b)  -> (artifact id: '6cd671a268adc270c4f1194ae609d5bd') in 0.002670 seconds 
  Import took 0.005488 seconds .

========================================================================
Received Import Request.
  Time since last request: 7.948408 seconds.
  path: Assets/PlayerControl/Scripts/PlayerController.cs
  artifactKey: Guid(a3c9cc4da0efee34bbd9b734dc056274) Importer(815301076,1909f56bfc062723c751e8b465ee728b)
Start importing Assets/PlayerControl/Scripts/PlayerController.cs using Guid(a3c9cc4da0efee34bbd9b734dc056274) Importer(815301076,1909f56bfc062723c751e8b465ee728b)  -> (artifact id: '7294fe06f69dd888d07652eb24e92d4c') in 0.002347 seconds 
  Import took 0.005428 seconds .

========================================================================
Received Prepare
Registering precompiled user dll's ...
Registered in 0.005560 seconds.
Begin MonoManager ReloadAssembly
Native extension for WindowsStandalone target not found
Native extension for WebGL target not found
Refreshing native plugins compatible for Editor in 0.32 ms, found 2 plugins.
Preloading 0 native plugins for Editor in 0.00 ms.
Mono: successfully reloaded assembly
- Completed reload, in  0.863 seconds
Platform modules already initialized, skipping
Refreshing native plugins compatible for Editor in 0.50 ms, found 2 plugins.
Preloading 0 native plugins for Editor in 0.00 ms.
Unloading 1389 Unused Serialized files (Serialized files now loaded: 0)
System memory in use before: 64.6 MB.
System memory in use after: 64.7 MB.

Unloading 13 unused Assets to reduce memory usage. Loaded Objects now: 1832.
Total: 2.310800 ms (FindLiveObjects: 0.261900 ms CreateObjectMapping: 0.082200 ms MarkObjects: 1.938800 ms  DeleteObjects: 0.025700 ms)

AssetImportParameters requested are different than current active one (requested -> active):
  custom:framework-win-MediaFoundation: 216162199b28c13a410421893ffa2e32 -> 
  custom:video-decoder-ogg-theora: a1e56fd34408186e4bbccfd4996cb3dc -> 
  custom:container-muxer-webm: aa71ff27fc2769a1b78a27578f13a17b -> 
  custom:container-demuxer-webm: 4f35f7cbe854078d1ac9338744f61a02 -> 
  custom:container-demuxer-ogg: 62fdf1f143b41e24485cea50d1cbac27 -> 
  custom:video-encoder-webm-vp8: eb34c28f22e8b96e1ab97ce403110664 -> 
  custom:video-decoder-webm-vp8: 9c59270c3fd7afecdb556c50c9e8de78 -> 
  custom:audio-decoder-ogg-vorbis: bf7c407c2cedff20999df2af8eb42d56 -> 
  custom:audio-encoder-webm-vorbis: bf7c407c2cedff20999df2af8eb42d56 -> 
========================================================================
Received Import Request.
  Time since last request: 15.166132 seconds.
  path: Assets/PlayerControl/Scenes
  artifactKey: Guid(78d936c36ec379a44a82d2c7d5e8ad11) Importer(815301076,1909f56bfc062723c751e8b465ee728b)
Start importing Assets/PlayerControl/Scenes using Guid(78d936c36ec379a44a82d2c7d5e8ad11) Importer(815301076,1909f56bfc062723c751e8b465ee728b)  -> (artifact id: '140f6145bd5cde7b7ec28f3fb7a462d3') in 0.010296 seconds 
  Import took 0.012777 seconds .

========================================================================
Received Import Request.
  Time since last request: 2.109846 seconds.
  path: Assets/PlayerControl/Scenes/Prototype 1.unity
  artifactKey: Guid(84729eeda748340d0955715b6a50b370) Importer(815301076,1909f56bfc062723c751e8b465ee728b)
Start importing Assets/PlayerControl/Scenes/Prototype 1.unity using Guid(84729eeda748340d0955715b6a50b370) Importer(815301076,1909f56bfc062723c751e8b465ee728b)  -> (artifact id: 'fc4c30225bca035791528971a7787119') in 0.015796 seconds 
  Import took 0.018568 seconds .

========================================================================
Received Prepare
Registering precompiled user dll's ...
Registered in 0.003530 seconds.
Begin MonoManager ReloadAssembly
Native extension for WindowsStandalone target not found
Native extension for WebGL target not found
Refreshing native plugins compatible for Editor in 0.32 ms, found 2 plugins.
Preloading 0 native plugins for Editor in 0.00 ms.
Mono: successfully reloaded assembly
- Completed reload, in  0.841 seconds
Platform modules already initialized, skipping
Refreshing native plugins compatible for Editor in 0.32 ms, found 2 plugins.
Preloading 0 native plugins for Editor in 0.00 ms.
Unloading 1389 Unused Serialized files (Serialized files now loaded: 0)
System memory in use before: 64.6 MB.
System memory in use after: 64.7 MB.

Unloading 13 unused Assets to reduce memory usage. Loaded Objects now: 1835.
Total: 2.764100 ms (FindLiveObjects: 0.204400 ms CreateObjectMapping: 0.063300 ms MarkObjects: 2.475100 ms  DeleteObjects: 0.019800 ms)

AssetImportParameters requested are different than current active one (requested -> active):
  custom:framework-win-MediaFoundation: 216162199b28c13a410421893ffa2e32 -> 
  custom:video-decoder-ogg-theora: a1e56fd34408186e4bbccfd4996cb3dc -> 
  custom:container-muxer-webm: aa71ff27fc2769a1b78a27578f13a17b -> 
  custom:container-demuxer-webm: 4f35f7cbe854078d1ac9338744f61a02 -> 
  custom:container-demuxer-ogg: 62fdf1f143b41e24485cea50d1cbac27 -> 
  custom:video-encoder-webm-vp8: eb34c28f22e8b96e1ab97ce403110664 -> 
  custom:video-decoder-webm-vp8: 9c59270c3fd7afecdb556c50c9e8de78 -> 
  custom:audio-decoder-ogg-vorbis: bf7c407c2cedff20999df2af8eb42d56 -> 
  custom:audio-encoder-webm-vorbis: bf7c407c2cedff20999df2af8eb42d56 -> 
AssetImportWorkerClient::OnTransportError - code=2 error=End of file
